#
# A fatal error has been detected by the Java Runtime Environment:
#
#  Internal Error (javaClasses.cpp:136), pid=32016, tid=32036
#  fatal error: Invalid layout of preloaded class
#
# JRE version:  (7.0_40-b43) (build )
# Java VM: Java HotSpot(TM) 64-Bit Server VM (24.0-b56 mixed mode windows-amd64 compressed oops)
# Failed to write core dump. Minidumps are not enabled by default on client versions of Windows
#
# If you would like to submit a bug report, please visit:
#   http://bugreport.sun.com/bugreport/crash.jsp
#

---------------  T H R E A D  ---------------

Current thread (0x0000000002b8e000):  JavaThread "Unknown thread" [_thread_in_vm, id=32036, stack(0x0000000002a20000,0x0000000002b20000)]

Stack: [0x0000000002a20000,0x0000000002b20000]

---------------  P R O C E S S  ---------------

Java Threads: ( => current thread )

Other Threads:

=>0x0000000002b8e000 (exited) JavaThread "Unknown thread" [_thread_in_vm, id=32036, stack(0x0000000002a20000,0x0000000002b20000)]

VM state:not at safepoint (not fully initialized)

VM Mutex/Monitor currently owned by a thread: None

GC Heap History (0 events):
No events

Deoptimization events (0 events):
No events

Internal exceptions (0 events):
No events

Events (10 events):
Event: 0.015 loading class 0x0000000002ec66f0 done
Event: 0.015 loading class 0x0000000002ec6110 done
Event: 0.015 loading class 0x0000000002ec60f0
Event: 0.015 loading class 0x0000000002ece200
Event: 0.015 loading class 0x0000000002ece200 done
Event: 0.015 loading class 0x0000000002ece230
Event: 0.015 loading class 0x0000000002ece230 done
Event: 0.015 loading class 0x0000000002ece260
Event: 0.015 loading class 0x0000000002ece260 done
Event: 0.015 loading class 0x0000000002ec60f0 done


Dynamic libraries:
0x00007ff666130000 - 0x00007ff666163000 	C:\Program Files\Java\jdk1.7.0_40\bin\javaw.exe
0x00007ff816240000 - 0x00007ff8163ea000 	C:\WINDOWS\SYSTEM32\ntdll.dll
0x00007ff8143c0000 - 0x00007ff8144fa000 	C:\WINDOWS\system32\KERNEL32.DLL
0x00007ff813680000 - 0x00007ff81378f000 	C:\WINDOWS\system32\KERNELBASE.dll
0x00007ff8121c0000 - 0x00007ff812248000 	C:\WINDOWS\system32\apphelp.dll
0x00007ff80d0d0000 - 0x00007ff80d11f000 	C:\WINDOWS\AppPatch\AppPatch64\AcGenral.DLL
0x00007ff814210000 - 0x00007ff8142b7000 	C:\WINDOWS\system32\msvcrt.dll
0x00007ff8133f0000 - 0x00007ff81341b000 	C:\WINDOWS\SYSTEM32\SspiCli.dll
0x00007ff814190000 - 0x00007ff8141e1000 	C:\WINDOWS\system32\SHLWAPI.dll
0x00007ff813dd0000 - 0x00007ff813f41000 	C:\WINDOWS\system32\USER32.dll
0x00007ff814560000 - 0x00007ff8146d8000 	C:\WINDOWS\system32\ole32.dll
0x00007ff814860000 - 0x00007ff815c7f000 	C:\WINDOWS\system32\SHELL32.dll
0x00007ff812c20000 - 0x00007ff812c3e000 	C:\WINDOWS\SYSTEM32\USERENV.dll
0x00007ff813b20000 - 0x00007ff813bc5000 	C:\WINDOWS\system32\ADVAPI32.dll
0x00007ff808140000 - 0x00007ff80815b000 	C:\WINDOWS\SYSTEM32\MPR.dll
0x00007ff813c90000 - 0x00007ff813dc7000 	C:\WINDOWS\system32\RPCRT4.dll
0x00007ff814500000 - 0x00007ff814557000 	C:\WINDOWS\SYSTEM32\sechost.dll
0x00007ff813f50000 - 0x00007ff814126000 	C:\WINDOWS\SYSTEM32\combase.dll
0x00007ff815ef0000 - 0x00007ff816034000 	C:\WINDOWS\system32\GDI32.dll
0x00007ff8135b0000 - 0x00007ff8135c4000 	C:\WINDOWS\SYSTEM32\profapi.dll
0x00007ff8119e0000 - 0x00007ff811a7f000 	C:\WINDOWS\SYSTEM32\SHCORE.dll
0x00007ff814820000 - 0x00007ff814854000 	C:\WINDOWS\system32\IMM32.DLL
0x00007ff8146e0000 - 0x00007ff814819000 	C:\WINDOWS\system32\MSCTF.dll
0x00000000753a0000 - 0x0000000075428000 	C:\WINDOWS\System32\SYSFER.DLL
0x00007ff811060000 - 0x00007ff8112ba000 	C:\WINDOWS\WinSxS\amd64_microsoft.windows.common-controls_6595b64144ccf1df_6.0.9600.17031_none_6242a4b3ecbb55a1\COMCTL32.dll
0x0000000070d50000 - 0x0000000070e21000 	C:\Program Files\Java\jdk1.7.0_40\jre\bin\msvcr100.dll
0x0000000070e30000 - 0x00000000715f9000 	C:\Program Files\Java\jdk1.7.0_40\jre\bin\server\jvm.dll
0x00007ff80e330000 - 0x00007ff80e339000 	C:\WINDOWS\SYSTEM32\WSOCK32.dll
0x00007ff808060000 - 0x00007ff80807f000 	C:\WINDOWS\SYSTEM32\WINMM.dll
0x00007ff816040000 - 0x00007ff816047000 	C:\WINDOWS\system32\PSAPI.DLL
0x00007ff813ac0000 - 0x00007ff813b18000 	C:\WINDOWS\system32\WS2_32.dll
0x00007ff808030000 - 0x00007ff80805a000 	C:\WINDOWS\SYSTEM32\WINMMBASE.dll
0x00007ff816230000 - 0x00007ff816239000 	C:\WINDOWS\system32\NSI.dll
0x00007ff813790000 - 0x00007ff8137da000 	C:\WINDOWS\SYSTEM32\cfgmgr32.dll
0x00007ff812420000 - 0x00007ff812446000 	C:\WINDOWS\SYSTEM32\DEVOBJ.dll
0x0000000072ef0000 - 0x0000000072eff000 	C:\Program Files\Java\jdk1.7.0_40\jre\bin\verify.dll
0x0000000072c80000 - 0x0000000072ca8000 	C:\Program Files\Java\jdk1.7.0_40\jre\bin\java.dll
0x0000000072c60000 - 0x0000000072c75000 	C:\Program Files\Java\jdk1.7.0_40\jre\bin\zip.dll

VM Arguments:
jvm_args: -Dfile.encoding=UTF-8 -Xbootclasspath:D:\Benny\SDK\Android\platforms\android-20\android.jar 
java_command: com.pytech.hrm.util.TimeUtils
Launcher Type: SUN_STANDARD

Environment Variables:
JAVA_HOME=C:\Program Files\Java\jdk1.7.0_40
JRE_HOME=C:/Program Files/Java/jdk1.7.0_40/jre
PATH=C:/Program Files/Java/jdk1.7.0_40/bin/../jre/bin/server;C:/Program Files/Java/jdk1.7.0_40/bin/../jre/bin;C:/Program Files/Java/jdk1.7.0_40/bin/../jre/lib/amd64;C:\ProgramData\Oracle\Java\javapath;C:\Program Files (x86)\Intel\iCLS Client\;C:\Program Files\Intel\iCLS Client\;C:\WINDOWS\system32;C:\WINDOWS;C:\WINDOWS\System32\Wbem;C:\WINDOWS\System32\WindowsPowerShell\v1.0\;C:\Program Files\Intel\Intel(R) Management Engine Components\DAL;C:\Program Files\Intel\Intel(R) Management Engine Components\IPT;C:\Program Files (x86)\Intel\Intel(R) Management Engine Components\DAL;C:\Program Files (x86)\Intel\Intel(R) Management Engine Components\IPT;C:\Program Files (x86)\Microsoft ASP.NET\ASP.NET Web Pages\v1.0\;C:\Program Files\apache-maven-3.0.4\bin;C:\Program Files\adt-bundle-windows-x86_64\sdk\platform-tools;C:\Program Files\Microsoft\Web Platform Installer\;C:\Program Files (x86)\CMake 2.8\bin;C:\Qt\4.8.4\bin;C:\Program Files (x86)\Git\bin;C:\Python27;C:\Program Files\MySQL\MySQL Server 5.5\bin;C:\Program Files\Blender Foundation\Blender;C:\Program Files (x86)\Inno Setup 5;C:\Program Files\TortoiseGit\bin;C:\Program Files\Autodesk\Maya2014\bin;C:\Program Files\Common Files\Autodesk Shared\;C:\Program Files\Autodesk\3ds Max 2014;C:\Program Files (x86)\Android\android-studio\sdk\platform-tools;C:\Program Files\Java\jdk1.7.0_40\bin;C:\Program Files\Microsoft SQL Server\110\Tools\Binn\;C:\Program Files (x86)\Windows Kits\8.1\Windows Performance Toolkit\;C:\Program Files (x86)\Microsoft SDKs\TypeScript\1.0\;C:\Qt\Qt5.3.1\5.3\msvc2013_64\bin;C:\Program Files (x86)\Autodesk\Backburner\;D:\Benny\SDK\Android\platform-tools;C:\Program Files\eclipse_adt;
USERNAME=Benny
OS=Windows_NT
PROCESSOR_IDENTIFIER=Intel64 Family 6 Model 58 Stepping 9, GenuineIntel



---------------  S Y S T E M  ---------------

OS: Windows 8 , 64 bit Build 9200 

CPU:total 4 (2 cores per cpu, 2 threads per core) family 6 model 58 stepping 9, cmov, cx8, fxsr, mmx, sse, sse2, sse3, ssse3, sse4.1, sse4.2, popcnt, avx, aes, erms, ht, tsc, tscinvbit, tscinv

Memory: 4k page, physical 11955812k(3679940k free), swap 12021348k(700136k free)

vm_info: Java HotSpot(TM) 64-Bit Server VM (24.0-b56) for windows-amd64 JRE (1.7.0_40-b43), built on Aug 26 2013 22:38:32 by "java_re" with unknown MS VC++:1600

time: Mon Sep 15 17:16:16 2014
elapsed time: 0 seconds

